<?xml version="1.0" encoding="UTF-8"?>
<!-- Generated by org.testng.reporters.JUnitXMLReporter -->
<testsuite ignored="4" hostname="DESKTOP-VODBEOH" failures="0" tests="3" name="Test" time="84.742" errors="0" timestamp="2021-05-26T14:21:43 IST">
  <testcase classname="Testcases.TC_002laptop" name="Reg" time="37.953"/>
  <testcase classname="Testcases.TC_003Telivions" name="telivisions" time="25.555"/>
  <testcase classname="Testcases.TC_001fliplogin" name="Reg" time="4.428"/>
  <testcase classname="Testcases.TestBase" name="@AfterSuite afterSuite" time="0.0">
    <ignored/>
  </testcase> <!-- @AfterSuite afterSuite -->
  <testcase classname="Testcases.TestBase" name="@AfterSuite afterSuite" time="0.0">
    <ignored/>
  </testcase> <!-- @AfterSuite afterSuite -->
  <testcase classname="Testcases.TestBase" name="@BeforeSuite beforeSuite" time="0.0">
    <ignored/>
  </testcase> <!-- @BeforeSuite beforeSuite -->
  <testcase classname="Testcases.TestBase" name="@BeforeSuite beforeSuite" time="0.0">
    <ignored/>
  </testcase> <!-- @BeforeSuite beforeSuite -->
</testsuite> <!-- Test -->
